
Started Import Process
# System Details: 
Debug Mode 		: Désactivé
Operating System 	: Linux
Software 		: Apache
MySQL version 		: 10.6.19
XML Reader 		: Oui
PHP Version 		: 8.3.19
PHP Max Input Vars 	: 8000
PHP Max Post Size 	: 30M
PHP Extension GD 	: Oui
PHP Max Execution Time 	: 60
Max Upload Size 	: 20 Mo
Memory Limit 		: Limite de mémoire actuelle 40M. Nous recommandons de régler la mémoire à au moins 64M.
Timezone 		: 0

-----

Importing Started! - 23:47:27 UTC
---

WHY IMPORT PROCESS CAN FAIL? READ THIS - 
https://wpastra.com/docs/?p=1314&utm_source=demo-import-panel&utm_campaign=import-error&utm_medium=wp-dashboard

---

Flow ID 27
Flow ID 28
Flow ID 29
Flow ID 30
Inserted WP Form 31
Batch Process Started..
Starter Templates - Importing Images for Blog name 'devoiri' (1)
Started Import Process
# System Details: 
Debug Mode 		: Désactivé
Operating System 	: Linux
Software 		: Apache
MySQL version 		: 10.6.19
XML Reader 		: Oui
PHP Version 		: 8.3.19
PHP Max Input Vars 	: 8000
PHP Max Post Size 	: 30M
PHP Extension GD 	: Oui
PHP Max Execution Time 	: 60
Max Upload Size 	: 20 Mo
Memory Limit 		: Limite de mémoire actuelle 40M. Nous recommandons de régler la mémoire à au moins 64M.
Timezone 		: 0

-----

Importing Started! - 09:07:19 UTC
---

WHY IMPORT PROCESS CAN FAIL? READ THIS - 
https://wpastra.com/docs/?p=1314&utm_source=demo-import-panel&utm_campaign=import-error&utm_medium=wp-dashboard

---

Started Import Process
# System Details: 
Debug Mode 		: Désactivé
Operating System 	: Linux
Software 		: Apache
MySQL version 		: 10.6.19
XML Reader 		: Oui
PHP Version 		: 8.3.19
PHP Max Input Vars 	: 8000
PHP Max Post Size 	: 30M
PHP Extension GD 	: Oui
PHP Max Execution Time 	: 60
Max Upload Size 	: 20 Mo
Memory Limit 		: Limite de mémoire actuelle 40M. Nous recommandons de régler la mémoire à au moins 64M.
Timezone 		: 0

-----

Importing Started! - 09:08:36 UTC
---

WHY IMPORT PROCESS CAN FAIL? READ THIS - 
https://wpastra.com/docs/?p=1314&utm_source=demo-import-panel&utm_campaign=import-error&utm_medium=wp-dashboard

---

Inserted WP Form 25675
Started Import Process
# System Details: 
Debug Mode 		: Désactivé
Operating System 	: Linux
Software 		: Apache
MySQL version 		: 10.6.19
XML Reader 		: Oui
PHP Version 		: 8.3.19
PHP Max Input Vars 	: 8000
PHP Max Post Size 	: 30M
PHP Extension GD 	: Oui
PHP Max Execution Time 	: 60
Max Upload Size 	: 20 Mo
Memory Limit 		: Limite de mémoire actuelle 40M. Nous recommandons de régler la mémoire à au moins 64M.
Timezone 		: 0

-----

Importing Started! - 10:16:22 UTC
---

WHY IMPORT PROCESS CAN FAIL? READ THIS - 
https://wpastra.com/docs/?p=1314&utm_source=demo-import-panel&utm_campaign=import-error&utm_medium=wp-dashboard

---

Inserted WP Form 25733
Batch Process Started..
Starter Templates - Importing Images for Blog name 'devoirtn' (1)